<?xml version="1.0" encoding="UTF-8"?>
<testng-results ignored="0" total="1" passed="1" failed="0" skipped="0">
  <reporter-output>
  </reporter-output>
  <suite started-at="2020-10-09T16:35:53 IST" name="Default suite" finished-at="2020-10-09T16:36:37 IST" duration-ms="43753">
    <groups>
    </groups>
    <test started-at="2020-10-09T16:35:53 IST" name="Default test" finished-at="2020-10-09T16:36:37 IST" duration-ms="43753">
      <class name="com.vpd.start.AdminLogin">
        <test-method is-config="true" signature="setUpSuite()[pri:0, instance:com.vpd.start.AdminLogin@d4342c2]" started-at="2020-10-09T16:35:52 IST" name="setUpSuite" finished-at="2020-10-09T16:35:53 IST" duration-ms="430" status="PASS">
          <reporter-output>
          </reporter-output>
        </test-method> <!-- setUpSuite -->
        <test-method is-config="true" signature="InitilizeBrowser12()[pri:0, instance:com.vpd.start.AdminLogin@d4342c2]" started-at="2020-10-09T16:35:53 IST" name="InitilizeBrowser12" finished-at="2020-10-09T16:36:05 IST" duration-ms="12468" status="PASS">
          <reporter-output>
          </reporter-output>
        </test-method> <!-- InitilizeBrowser12 -->
        <test-method signature="loginadminuser()[pri:0, instance:com.vpd.start.AdminLogin@d4342c2]" started-at="2020-10-09T16:36:05 IST" name="loginadminuser" finished-at="2020-10-09T16:36:33 IST" duration-ms="27529" status="PASS">
          <reporter-output>
          </reporter-output>
        </test-method> <!-- loginadminuser -->
        <test-method is-config="true" signature="tearDownMethod(org.testng.ITestResult)[pri:0, instance:com.vpd.start.AdminLogin@d4342c2]" started-at="2020-10-09T16:36:33 IST" name="tearDownMethod" finished-at="2020-10-09T16:36:35 IST" duration-ms="2015" status="PASS">
          <params>
            <param index="0">
              <value>
                <![CDATA[[TestResult name=loginadminuser status=SUCCESS method=AdminLogin.loginadminuser()[pri:0, instance:com.vpd.start.AdminLogin@d4342c2] output={null}]]]>
              </value>
            </param>
          </params>
          <reporter-output>
          </reporter-output>
        </test-method> <!-- tearDownMethod -->
        <test-method is-config="true" signature="teardown()[pri:0, instance:com.vpd.start.AdminLogin@d4342c2]" started-at="2020-10-09T16:36:35 IST" name="teardown" finished-at="2020-10-09T16:36:37 IST" duration-ms="1581" status="PASS">
          <reporter-output>
          </reporter-output>
        </test-method> <!-- teardown -->
      </class> <!-- com.vpd.start.AdminLogin -->
    </test> <!-- Default test -->
  </suite> <!-- Default suite -->
</testng-results>
